<?xml version="1.0" encoding="UTF-8"?>
<!-- Generated by org.testng.reporters.JUnitXMLReporter -->
<testsuite hostname="DESKTOP-1HDCDBO" ignored="0" name="My _ selenium Project" tests="1" failures="1" timestamp="01 Jun 2020 10:20:10 GMT" time="20.054" errors="0">
  <testcase name="@AfterMethod tearDown" time="0.014" classname="com.Utilites.Reporting">
    <failure type="java.lang.NullPointerException">
      <![CDATA[java.lang.NullPointerException
at com.Utilites.Reporting.getScreenshot(Reporting.java:74)
at com.Utilites.Reporting.tearDown(Reporting.java:61)
... Removed 28 stack frames]]>
    </failure>
  </testcase> <!-- @AfterMethod tearDown -->
  <testcase name="login" time="6.646" classname="com.TestCases.TC_LoginPage_001">
    <failure type="java.lang.AssertionError" message="expected [true] but found [false]">
      <![CDATA[java.lang.AssertionError: expected [true] but found [false]
at com.TestCases.TC_LoginPage_001.login(TC_LoginPage_001.java:36)
... Removed 29 stack frames]]>
    </failure>
  </testcase> <!-- login -->
</testsuite> <!-- My _ selenium Project -->
